<?xml version="1.0" encoding="UTF-8"?>
<testsuite name="io.github.joke.spockmockable.tests.PersonTest" tests="4" skipped="0" failures="0" errors="0" timestamp="2022-05-27T08:50:57" hostname="MacBook-Pro-de-Rayco.local" time="0.027">
  <properties/>
  <testcase name="final from class is removed" classname="io.github.joke.spockmockable.tests.PersonTest" time="0.012"/>
  <testcase name="final from method is removed" classname="io.github.joke.spockmockable.tests.PersonTest" time="0.009"/>
  <testcase name="private on method is now protected" classname="io.github.joke.spockmockable.tests.PersonTest" time="0.001"/>
  <testcase name="final is removed and private on method is now protected" classname="io.github.joke.spockmockable.tests.PersonTest" time="0.003"/>
  <system-out><![CDATA[]]></system-out>
  <system-err><![CDATA[]]></system-err>
</testsuite>
